
--- request error ---
[2023-11-01 08:23:35.792 PM] error app.get is not a function
stack: TypeError: app.get is not a function
    at getDB (C:\Users\cybre\Documents\valet-parking-app\server\utilities\getDB.js:3:29)
    at logResponseError (C:\Users\cybre\Documents\valet-parking-app\server\middleware\validateMiddleware.js:26:14)
    at C:\Users\cybre\Documents\valet-parking-app\server\middleware\validateMiddleware.js:18:7
    at newFn (C:\Users\cybre\Documents\valet-parking-app\server\node_modules\express-async-errors\index.js:16:20)
    at Layer.handle [as handle_request] (C:\Users\cybre\Documents\valet-parking-app\server\node_modules\express\lib\router\layer.js:95:5)
    at next (C:\Users\cybre\Documents\valet-parking-app\server\node_modules\express\lib\router\route.js:144:13)
    at Route.dispatch (C:\Users\cybre\Documents\valet-parking-app\server\node_modules\express\lib\router\route.js:114:3)
    at newFn (C:\Users\cybre\Documents\valet-parking-app\server\node_modules\express-async-errors\index.js:16:20)
    at Layer.handle [as handle_request] (C:\Users\cybre\Documents\valet-parking-app\server\node_modules\express\lib\router\layer.js:95:5)
    at C:\Users\cybre\Documents\valet-parking-app\server\node_modules\express\lib\router\index.js:284:15
--- request error ---


--- request error ---
[2023-11-01 08:26:55.195 PM] error db.createCollection is not a function
stack: TypeError: db.createCollection is not a function
    at createCollection (C:\Users\cybre\Documents\valet-parking-app\server\node_modules\winston-mongodb\lib\winston-mongodb.js:113:15)
    at setupDatabaseAndEmptyQueue (C:\Users\cybre\Documents\valet-parking-app\server\node_modules\winston-mongodb\lib\winston-mongodb.js:93:12)
    at new exports.MongoDB (C:\Users\cybre\Documents\valet-parking-app\server\node_modules\winston-mongodb\lib\winston-mongodb.js:165:5)
    at logResponseError (C:\Users\cybre\Documents\valet-parking-app\server\middleware\validateMiddleware.js:46:9)
    at C:\Users\cybre\Documents\valet-parking-app\server\middleware\validateMiddleware.js:18:7
    at newFn (C:\Users\cybre\Documents\valet-parking-app\server\node_modules\express-async-errors\index.js:16:20)
    at Layer.handle [as handle_request] (C:\Users\cybre\Documents\valet-parking-app\server\node_modules\express\lib\router\layer.js:95:5)
    at next (C:\Users\cybre\Documents\valet-parking-app\server\node_modules\express\lib\router\route.js:144:13)
    at Route.dispatch (C:\Users\cybre\Documents\valet-parking-app\server\node_modules\express\lib\router\route.js:114:3)
    at newFn (C:\Users\cybre\Documents\valet-parking-app\server\node_modules\express-async-errors\index.js:16:20)
--- request error ---


--- request error ---
[2023-11-01 08:29:20.290 PM] error db.createCollection is not a function
stack: TypeError: db.createCollection is not a function
    at createCollection (C:\Users\cybre\Documents\valet-parking-app\server\node_modules\winston-mongodb\lib\winston-mongodb.js:113:15)
    at setupDatabaseAndEmptyQueue (C:\Users\cybre\Documents\valet-parking-app\server\node_modules\winston-mongodb\lib\winston-mongodb.js:93:12)
    at new exports.MongoDB (C:\Users\cybre\Documents\valet-parking-app\server\node_modules\winston-mongodb\lib\winston-mongodb.js:165:5)
    at logResponseError (C:\Users\cybre\Documents\valet-parking-app\server\middleware\validateMiddleware.js:45:9)
    at C:\Users\cybre\Documents\valet-parking-app\server\middleware\validateMiddleware.js:17:7
    at newFn (C:\Users\cybre\Documents\valet-parking-app\server\node_modules\express-async-errors\index.js:16:20)
    at Layer.handle [as handle_request] (C:\Users\cybre\Documents\valet-parking-app\server\node_modules\express\lib\router\layer.js:95:5)
    at next (C:\Users\cybre\Documents\valet-parking-app\server\node_modules\express\lib\router\route.js:144:13)
    at Route.dispatch (C:\Users\cybre\Documents\valet-parking-app\server\node_modules\express\lib\router\route.js:114:3)
    at newFn (C:\Users\cybre\Documents\valet-parking-app\server\node_modules\express-async-errors\index.js:16:20)
--- request error ---


--- request error ---
[2023-11-01 08:33:02.352 PM] error db.createCollection is not a function
stack: TypeError: db.createCollection is not a function
    at createCollection (C:\Users\cybre\Documents\valet-parking-app\server\node_modules\winston-mongodb\lib\winston-mongodb.js:113:15)
    at setupDatabaseAndEmptyQueue (C:\Users\cybre\Documents\valet-parking-app\server\node_modules\winston-mongodb\lib\winston-mongodb.js:93:12)
    at new exports.MongoDB (C:\Users\cybre\Documents\valet-parking-app\server\node_modules\winston-mongodb\lib\winston-mongodb.js:165:5)
    at logResponseError (C:\Users\cybre\Documents\valet-parking-app\server\middleware\validateMiddleware.js:47:9)
    at C:\Users\cybre\Documents\valet-parking-app\server\middleware\validateMiddleware.js:19:7
    at newFn (C:\Users\cybre\Documents\valet-parking-app\server\node_modules\express-async-errors\index.js:16:20)
    at Layer.handle [as handle_request] (C:\Users\cybre\Documents\valet-parking-app\server\node_modules\express\lib\router\layer.js:95:5)
    at next (C:\Users\cybre\Documents\valet-parking-app\server\node_modules\express\lib\router\route.js:144:13)
    at Route.dispatch (C:\Users\cybre\Documents\valet-parking-app\server\node_modules\express\lib\router\route.js:114:3)
    at newFn (C:\Users\cybre\Documents\valet-parking-app\server\node_modules\express-async-errors\index.js:16:20)
--- request error ---


--- request error ---
[2023-11-01 08:34:39.487 PM] error db.createCollection is not a function
stack: TypeError: db.createCollection is not a function
    at createCollection (C:\Users\cybre\Documents\valet-parking-app\server\node_modules\winston-mongodb\lib\winston-mongodb.js:113:15)
    at setupDatabaseAndEmptyQueue (C:\Users\cybre\Documents\valet-parking-app\server\node_modules\winston-mongodb\lib\winston-mongodb.js:93:12)
    at new exports.MongoDB (C:\Users\cybre\Documents\valet-parking-app\server\node_modules\winston-mongodb\lib\winston-mongodb.js:165:5)
    at logResponseError (C:\Users\cybre\Documents\valet-parking-app\server\middleware\validateMiddleware.js:47:9)
    at C:\Users\cybre\Documents\valet-parking-app\server\middleware\validateMiddleware.js:19:7
    at newFn (C:\Users\cybre\Documents\valet-parking-app\server\node_modules\express-async-errors\index.js:16:20)
    at Layer.handle [as handle_request] (C:\Users\cybre\Documents\valet-parking-app\server\node_modules\express\lib\router\layer.js:95:5)
    at next (C:\Users\cybre\Documents\valet-parking-app\server\node_modules\express\lib\router\route.js:144:13)
    at Route.dispatch (C:\Users\cybre\Documents\valet-parking-app\server\node_modules\express\lib\router\route.js:114:3)
    at newFn (C:\Users\cybre\Documents\valet-parking-app\server\node_modules\express-async-errors\index.js:16:20)
--- request error ---


--- request error ---
[2023-11-01 08:35:56.338 PM] error db.createCollection is not a function
stack: TypeError: db.createCollection is not a function
    at createCollection (C:\Users\cybre\Documents\valet-parking-app\server\node_modules\winston-mongodb\lib\winston-mongodb.js:113:15)
    at setupDatabaseAndEmptyQueue (C:\Users\cybre\Documents\valet-parking-app\server\node_modules\winston-mongodb\lib\winston-mongodb.js:93:12)
    at new exports.MongoDB (C:\Users\cybre\Documents\valet-parking-app\server\node_modules\winston-mongodb\lib\winston-mongodb.js:165:5)
    at logResponseError (C:\Users\cybre\Documents\valet-parking-app\server\middleware\validateMiddleware.js:47:9)
    at C:\Users\cybre\Documents\valet-parking-app\server\middleware\validateMiddleware.js:19:7
    at newFn (C:\Users\cybre\Documents\valet-parking-app\server\node_modules\express-async-errors\index.js:16:20)
    at Layer.handle [as handle_request] (C:\Users\cybre\Documents\valet-parking-app\server\node_modules\express\lib\router\layer.js:95:5)
    at next (C:\Users\cybre\Documents\valet-parking-app\server\node_modules\express\lib\router\route.js:144:13)
    at Route.dispatch (C:\Users\cybre\Documents\valet-parking-app\server\node_modules\express\lib\router\route.js:114:3)
    at newFn (C:\Users\cybre\Documents\valet-parking-app\server\node_modules\express-async-errors\index.js:16:20)
--- request error ---

